0 info it worked if it ends with ok
1 verbose cli [ 'D:\\软件\\应用程序\\node\\node.exe',
1 verbose cli   'D:\\软件\\应用程序\\node\\node_modules\\npm\\bin\\npm-cli.js',
1 verbose cli   'install',
1 verbose cli   'cnpm',
1 verbose cli   '-g' ]
2 info using npm@3.6.0
3 info using node@v5.7.0
4 silly loadCurrentTree Starting
5 silly install loadCurrentTree
6 silly install readGlobalPackageData
7 silly fetchPackageMetaData cnpm
8 silly fetchNamedPackageData cnpm
9 silly mapToRegistry name cnpm
10 silly mapToRegistry using default registry
11 silly mapToRegistry registry https://registry.npmjs.org/
12 silly mapToRegistry uri https://registry.npmjs.org/cnpm
13 verbose request uri https://registry.npmjs.org/cnpm
14 verbose request no auth needed
15 info attempt registry request try #1 at 23:05:50
16 verbose request id 870ffe81b1513f0f
17 http request GET https://registry.npmjs.org/cnpm
18 info retry will retry, error on last attempt: Error: read ECONNRESET
19 info attempt registry request try #2 at 23:06:19
20 http request GET https://registry.npmjs.org/cnpm
21 info retry will retry, error on last attempt: Error: read ECONNRESET
22 info attempt registry request try #3 at 23:07:50
23 http request GET https://registry.npmjs.org/cnpm
24 silly fetchPackageMetaData Error: read ECONNRESET
24 silly fetchPackageMetaData     at exports._errnoException (util.js:856:11)
24 silly fetchPackageMetaData     at TLSWrap.onread (net.js:550:26)
24 silly fetchPackageMetaData  error for cnpm { [Error: read ECONNRESET] code: 'ECONNRESET', errno: 'ECONNRESET', syscall: 'read' }
25 silly rollbackFailedOptional Starting
26 silly rollbackFailedOptional Finishing
27 silly runTopLevelLifecycles Starting
28 silly runTopLevelLifecycles Finishing
29 silly install printInstalled
30 verbose stack Error: read ECONNRESET
30 verbose stack     at exports._errnoException (util.js:856:11)
30 verbose stack     at TLSWrap.onread (net.js:550:26)
31 verbose cwd D:\demos\webTest
32 error Windows_NT 10.0.10586
33 error argv "D:\\软件\\应用程序\\node\\node.exe" "D:\\软件\\应用程序\\node\\node_modules\\npm\\bin\\npm-cli.js" "install" "cnpm" "-g"
34 error node v5.7.0
35 error npm  v3.6.0
36 error code ECONNRESET
37 error errno ECONNRESET
38 error syscall read
39 error network read ECONNRESET
40 error network This is most likely not a problem with npm itself
40 error network and is related to network connectivity.
40 error network In most cases you are behind a proxy or have bad network settings.
40 error network
40 error network If you are behind a proxy, please make sure that the
40 error network 'proxy' config is set properly.  See: 'npm help config'
41 verbose exit [ 1, true ]
